This file contains any messages produced by compilers while
running configure, to aid debugging if configure makes a mistake.

It was created by psplash configure 0.1, which was
generated by GNU Autoconf 2.65.  Invocation command line was

  $ ./configure --host=arm-none-linux-gnueabi CC=/usr/bin/ccache arm-none-linux-gnueabi-gcc LD=arm-none-linux-gnueabi-ld CPP=/usr/bin/ccache arm-none-linux-gnueabi-gcc -E CXX=/usr/bin/ccache arm-none-linux-gnueabi-g++ AS=arm-none-linux-gnueabi-as AR=arm-none-linux-gnueabi-ar NM=arm-none-linux-gnueabi-nm STRIP=arm-none-linux-gnueabi-strip OBJCOPY=arm-none-linux-gnueabi-objcopy OBJDUMP=arm-none-linux-gnueabi-objdump RANLIB=arm-none-linux-gnueabi-ranlib CFLAGS=-Wall -O2 -mcpu=arm926ej-s CPPFLAGS=-Wall -O2 -mcpu=arm926ej-s prefix=/home/andy/RidgeRun-SDK-DM36x-Turrialba-Eval/fs/fsdev/usr

## --------- ##
## Platform. ##
## --------- ##

hostname = debian-dell
uname -m = x86_64
uname -r = 4.9.0-0.bpo.3-amd64
uname -s = Linux
uname -v = #1 SMP Debian 4.9.30-2+deb9u5~bpo8+1 (2017-09-28)

/usr/bin/uname -p = unknown
/bin/uname -X     = unknown

/bin/arch              = unknown
/usr/bin/arch -k       = unknown
/usr/convex/getsysinfo = unknown
/usr/bin/hostinfo      = unknown
/bin/machine           = unknown
/usr/bin/oslevel       = unknown
/bin/universe          = unknown

PATH: /opt/codesourcery/arm-2009q1/bin
PATH: /home/andy/RidgeRun-SDK-DM36x-Turrialba-Eval/bsp/local/bin
PATH: /home/andy/RidgeRun-SDK-DM36x-Turrialba-Eval/bsp/local/sbin
PATH: /home/andy/RidgeRun-SDK-DM36x-Turrialba-Eval/bsp/tools
PATH: /usr/local/sbin
PATH: /usr/local/bin
PATH: /usr/sbin
PATH: /usr/bin
PATH: /sbin
PATH: /bin
PATH: /usr/games


## ----------- ##
## Core tests. ##
## ----------- ##

configure:1927: checking for a BSD-compatible install
configure:1995: result: /usr/bin/install -c
configure:2006: checking whether build environment is sane
configure:2056: result: yes
configure:2105: checking for arm-none-linux-gnueabi-strip
configure:2132: result: arm-none-linux-gnueabi-strip
configure:2197: checking for a thread-safe mkdir -p
configure:2236: result: /bin/mkdir -p
configure:2249: checking for gawk
configure:2265: found /usr/bin/gawk
configure:2276: result: gawk
configure:2287: checking whether make sets $(MAKE)
configure:2309: result: yes
configure:2393: checking whether to enable maintainer-specific portions of Makefiles
configure:2402: result: no
configure:2428: checking for style of include used by make
configure:2456: result: GNU
configure:2486: checking for arm-none-linux-gnueabi-gcc
configure:2513: result: /usr/bin/ccache arm-none-linux-gnueabi-gcc
configure:2782: checking for C compiler version
configure:2791: /usr/bin/ccache arm-none-linux-gnueabi-gcc --version >&5
arm-none-linux-gnueabi-gcc (Sourcery G++ Lite 2009q1-203) 4.3.3
Copyright (C) 2008 Free Software Foundation, Inc.
This is free software; see the source for copying conditions.  There is NO
warranty; not even for MERCHANTABILITY or FITNESS FOR A PARTICULAR PURPOSE.

configure:2802: $? = 0
configure:2791: /usr/bin/ccache arm-none-linux-gnueabi-gcc -v >&5
Using built-in specs.
Target: arm-none-linux-gnueabi
Configured with: /scratch/mitchell/builds/4.3-arm-none-linux-gnueabi-respin/src/gcc-4.3/configure --build=i686-pc-linux-gnu --host=i686-pc-linux-gnu --target=arm-none-linux-gnueabi --enable-threads --disable-libmudflap --disable-libssp --disable-libstdcxx-pch --with-gnu-as --with-gnu-ld --with-specs='%{funwind-tables|fno-unwind-tables|mabi=*|ffreestanding|nostdlib:;:-funwind-tables}' --enable-languages=c,c++ --enable-shared --enable-symvers=gnu --enable-__cxa_atexit --with-pkgversion='Sourcery G++ Lite 2009q1-203' --with-bugurl=https://support.codesourcery.com/GNUToolchain/ --disable-nls --prefix=/opt/codesourcery --with-sysroot=/opt/codesourcery/arm-none-linux-gnueabi/libc --with-build-sysroot=/scratch/mitchell/builds/4.3-arm-none-linux-gnueabi-respin/lite/install/arm-none-linux-gnueabi/libc --with-gmp=/scratch/mitchell/builds/4.3-arm-none-linux-gnueabi-respin/lite/obj/host-libs-2009q1-203-arm-none-linux-gnueabi-i686-pc-linux-gnu/usr --with-mpfr=/scratch/mitchell/builds/4.3-arm-none-linux-gnueabi-respin/lite/obj/host-libs-2009q1-203-arm-none-linux-gnueabi-i686-pc-linux-gnu/usr --disable-libgomp --enable-poison-system-directories --with-build-time-tools=/scratch/mitchell/builds/4.3-arm-none-linux-gnueabi-respin/lite/install/arm-none-linux-gnueabi/bin --with-build-time-tools=/scratch/mitchell/builds/4.3-arm-none-linux-gnueabi-respin/lite/install/arm-none-linux-gnueabi/bin
Thread model: posix
gcc version 4.3.3 (Sourcery G++ Lite 2009q1-203) 
configure:2802: $? = 0
configure:2791: /usr/bin/ccache arm-none-linux-gnueabi-gcc -V >&5
arm-none-linux-gnueabi-gcc: '-V' option must have argument
configure:2802: $? = 1
configure:2791: /usr/bin/ccache arm-none-linux-gnueabi-gcc -qversion >&5
arm-none-linux-gnueabi-gcc: unrecognized option '-qversion'
arm-none-linux-gnueabi-gcc: no input files
configure:2802: $? = 1
configure:2822: checking whether the C compiler works
configure:2844: /usr/bin/ccache arm-none-linux-gnueabi-gcc -Wall -O2 -mcpu=arm926ej-s -Wall -O2 -mcpu=arm926ej-s  conftest.c  >&5
configure:2848: $? = 0
configure:2897: result: yes
configure:2900: checking for C compiler default output file name
configure:2902: result: a.out
configure:2908: checking for suffix of executables
configure:2915: /usr/bin/ccache arm-none-linux-gnueabi-gcc -o conftest -Wall -O2 -mcpu=arm926ej-s -Wall -O2 -mcpu=arm926ej-s  conftest.c  >&5
configure:2919: $? = 0
configure:2941: result: 
configure:2963: checking whether we are cross compiling
configure:2971: /usr/bin/ccache arm-none-linux-gnueabi-gcc -o conftest -Wall -O2 -mcpu=arm926ej-s -Wall -O2 -mcpu=arm926ej-s  conftest.c  >&5
configure:2975: $? = 0
configure:2982: ./conftest
configure:2986: $? = 0
configure:3001: result: no
configure:3006: checking for suffix of object files
configure:3028: /usr/bin/ccache arm-none-linux-gnueabi-gcc -c -Wall -O2 -mcpu=arm926ej-s -Wall -O2 -mcpu=arm926ej-s conftest.c >&5
configure:3032: $? = 0
configure:3053: result: o
configure:3057: checking whether we are using the GNU C compiler
configure:3076: /usr/bin/ccache arm-none-linux-gnueabi-gcc -c -Wall -O2 -mcpu=arm926ej-s -Wall -O2 -mcpu=arm926ej-s conftest.c >&5
configure:3076: $? = 0
configure:3085: result: yes
configure:3094: checking whether /usr/bin/ccache arm-none-linux-gnueabi-gcc accepts -g
configure:3114: /usr/bin/ccache arm-none-linux-gnueabi-gcc -c -g -Wall -O2 -mcpu=arm926ej-s conftest.c >&5
configure:3114: $? = 0
configure:3155: result: yes
configure:3172: checking for /usr/bin/ccache arm-none-linux-gnueabi-gcc option to accept ISO C89
configure:3236: /usr/bin/ccache arm-none-linux-gnueabi-gcc  -c -Wall -O2 -mcpu=arm926ej-s -Wall -O2 -mcpu=arm926ej-s conftest.c >&5
configure:3236: $? = 0
configure:3249: result: none needed
configure:3271: checking dependency style of /usr/bin/ccache arm-none-linux-gnueabi-gcc
configure:3381: result: gcc3
configure:3397: checking for library containing strerror
configure:3428: /usr/bin/ccache arm-none-linux-gnueabi-gcc -o conftest -Wall -O2 -mcpu=arm926ej-s -Wall -O2 -mcpu=arm926ej-s  conftest.c  >&5
configure:3428: $? = 0
configure:3445: result: none required
configure:3461: checking for arm-none-linux-gnueabi-gcc
configure:3488: result: /usr/bin/ccache arm-none-linux-gnueabi-gcc
configure:3757: checking for C compiler version
configure:3766: /usr/bin/ccache arm-none-linux-gnueabi-gcc --version >&5
arm-none-linux-gnueabi-gcc (Sourcery G++ Lite 2009q1-203) 4.3.3
Copyright (C) 2008 Free Software Foundation, Inc.
This is free software; see the source for copying conditions.  There is NO
warranty; not even for MERCHANTABILITY or FITNESS FOR A PARTICULAR PURPOSE.

configure:3777: $? = 0
configure:3766: /usr/bin/ccache arm-none-linux-gnueabi-gcc -v >&5
Using built-in specs.
Target: arm-none-linux-gnueabi
Configured with: /scratch/mitchell/builds/4.3-arm-none-linux-gnueabi-respin/src/gcc-4.3/configure --build=i686-pc-linux-gnu --host=i686-pc-linux-gnu --target=arm-none-linux-gnueabi --enable-threads --disable-libmudflap --disable-libssp --disable-libstdcxx-pch --with-gnu-as --with-gnu-ld --with-specs='%{funwind-tables|fno-unwind-tables|mabi=*|ffreestanding|nostdlib:;:-funwind-tables}' --enable-languages=c,c++ --enable-shared --enable-symvers=gnu --enable-__cxa_atexit --with-pkgversion='Sourcery G++ Lite 2009q1-203' --with-bugurl=https://support.codesourcery.com/GNUToolchain/ --disable-nls --prefix=/opt/codesourcery --with-sysroot=/opt/codesourcery/arm-none-linux-gnueabi/libc --with-build-sysroot=/scratch/mitchell/builds/4.3-arm-none-linux-gnueabi-respin/lite/install/arm-none-linux-gnueabi/libc --with-gmp=/scratch/mitchell/builds/4.3-arm-none-linux-gnueabi-respin/lite/obj/host-libs-2009q1-203-arm-none-linux-gnueabi-i686-pc-linux-gnu/usr --with-mpfr=/scratch/mitchell/builds/4.3-arm-none-linux-gnueabi-respin/lite/obj/host-libs-2009q1-203-arm-none-linux-gnueabi-i686-pc-linux-gnu/usr --disable-libgomp --enable-poison-system-directories --with-build-time-tools=/scratch/mitchell/builds/4.3-arm-none-linux-gnueabi-respin/lite/install/arm-none-linux-gnueabi/bin --with-build-time-tools=/scratch/mitchell/builds/4.3-arm-none-linux-gnueabi-respin/lite/install/arm-none-linux-gnueabi/bin
Thread model: posix
gcc version 4.3.3 (Sourcery G++ Lite 2009q1-203) 
configure:3777: $? = 0
configure:3766: /usr/bin/ccache arm-none-linux-gnueabi-gcc -V >&5
arm-none-linux-gnueabi-gcc: '-V' option must have argument
configure:3777: $? = 1
configure:3766: /usr/bin/ccache arm-none-linux-gnueabi-gcc -qversion >&5
arm-none-linux-gnueabi-gcc: unrecognized option '-qversion'
arm-none-linux-gnueabi-gcc: no input files
configure:3777: $? = 1
configure:3781: checking whether we are using the GNU C compiler
configure:3809: result: yes
configure:3818: checking whether /usr/bin/ccache arm-none-linux-gnueabi-gcc accepts -g
configure:3879: result: yes
configure:3896: checking for /usr/bin/ccache arm-none-linux-gnueabi-gcc option to accept ISO C89
configure:3973: result: none needed
configure:3995: checking dependency style of /usr/bin/ccache arm-none-linux-gnueabi-gcc
configure:4105: result: gcc3
configure:4125: checking how to run the C preprocessor
configure:4195: result: /usr/bin/ccache arm-none-linux-gnueabi-gcc -E
configure:4215: /usr/bin/ccache arm-none-linux-gnueabi-gcc -E -Wall -O2 -mcpu=arm926ej-s conftest.c
configure:4215: $? = 0
configure:4229: /usr/bin/ccache arm-none-linux-gnueabi-gcc -E -Wall -O2 -mcpu=arm926ej-s conftest.c
conftest.c:11:28: error: ac_nonexistent.h: No such file or directory
configure:4229: $? = 1
configure: failed program was:
| /* confdefs.h */
| #define PACKAGE_NAME "psplash"
| #define PACKAGE_TARNAME "psplash"
| #define PACKAGE_VERSION "0.1"
| #define PACKAGE_STRING "psplash 0.1"
| #define PACKAGE_BUGREPORT "http://bugzilla.o-hand.com/enter_bug.cgi?product=psplash"
| #define PACKAGE_URL ""
| #define PACKAGE "psplash"
| #define VERSION "0.1"
| /* end confdefs.h.  */
| #include <ac_nonexistent.h>
configure:4258: checking for grep that handles long lines and -e
configure:4316: result: /bin/grep
configure:4321: checking for egrep
configure:4383: result: /bin/grep -E
configure:4388: checking for ANSI C header files
configure:4408: /usr/bin/ccache arm-none-linux-gnueabi-gcc -c -Wall -O2 -mcpu=arm926ej-s -Wall -O2 -mcpu=arm926ej-s conftest.c >&5
configure:4408: $? = 0
configure:4481: /usr/bin/ccache arm-none-linux-gnueabi-gcc -o conftest -Wall -O2 -mcpu=arm926ej-s -Wall -O2 -mcpu=arm926ej-s  conftest.c  >&5
configure:4481: $? = 0
configure:4481: ./conftest
configure:4481: $? = 0
configure:4492: result: yes
configure:4635: creating ./config.status

## ---------------------- ##
## Running config.status. ##
## ---------------------- ##

This file was extended by psplash config.status 0.1, which was
generated by GNU Autoconf 2.65.  Invocation command line was

  CONFIG_FILES    = 
  CONFIG_HEADERS  = 
  CONFIG_LINKS    = 
  CONFIG_COMMANDS = 
  $ ./config.status 

on debian-dell

config.status:845: creating Makefile
config.status:845: creating config.h
config.status:1065: executing depfiles commands

## ---------------- ##
## Cache variables. ##
## ---------------- ##

ac_cv_c_compiler_gnu=yes
ac_cv_env_CC_set=set
ac_cv_env_CC_value='/usr/bin/ccache arm-none-linux-gnueabi-gcc'
ac_cv_env_CFLAGS_set=set
ac_cv_env_CFLAGS_value='-Wall -O2 -mcpu=arm926ej-s'
ac_cv_env_CPPFLAGS_set=set
ac_cv_env_CPPFLAGS_value='-Wall -O2 -mcpu=arm926ej-s'
ac_cv_env_CPP_set=set
ac_cv_env_CPP_value='/usr/bin/ccache arm-none-linux-gnueabi-gcc -E'
ac_cv_env_LDFLAGS_set=
ac_cv_env_LDFLAGS_value=
ac_cv_env_LIBS_set=
ac_cv_env_LIBS_value=
ac_cv_env_build_alias_set=
ac_cv_env_build_alias_value=
ac_cv_env_host_alias_set=set
ac_cv_env_host_alias_value=arm-none-linux-gnueabi
ac_cv_env_target_alias_set=
ac_cv_env_target_alias_value=
ac_cv_header_stdc=yes
ac_cv_objext=o
ac_cv_path_EGREP='/bin/grep -E'
ac_cv_path_GREP=/bin/grep
ac_cv_path_install='/usr/bin/install -c'
ac_cv_path_mkdir=/bin/mkdir
ac_cv_prog_AWK=gawk
ac_cv_prog_CC='/usr/bin/ccache arm-none-linux-gnueabi-gcc'
ac_cv_prog_CPP='/usr/bin/ccache arm-none-linux-gnueabi-gcc -E'
ac_cv_prog_STRIP=arm-none-linux-gnueabi-strip
ac_cv_prog_cc_c89=
ac_cv_prog_cc_g=yes
ac_cv_prog_make_make_set=yes
ac_cv_search_strerror='none required'
am_cv_CC_dependencies_compiler_type=gcc3

## ----------------- ##
## Output variables. ##
## ----------------- ##

ACLOCAL='${SHELL} /home/andy/workdir/psplash-0.1/missing --run aclocal-1.11'
AMDEPBACKSLASH='\'
AMDEP_FALSE='#'
AMDEP_TRUE=''
AMTAR='${SHELL} /home/andy/workdir/psplash-0.1/missing --run tar'
AUTOCONF='${SHELL} /home/andy/workdir/psplash-0.1/missing --run autoconf'
AUTOHEADER='${SHELL} /home/andy/workdir/psplash-0.1/missing --run autoheader'
AUTOMAKE='${SHELL} /home/andy/workdir/psplash-0.1/missing --run automake-1.11'
AWK='gawk'
CC='/usr/bin/ccache arm-none-linux-gnueabi-gcc'
CCDEPMODE='depmode=gcc3'
CFLAGS='-Wall -O2 -mcpu=arm926ej-s'
CPP='/usr/bin/ccache arm-none-linux-gnueabi-gcc -E'
CPPFLAGS='-Wall -O2 -mcpu=arm926ej-s'
CYGPATH_W='echo'
DEFS='-DHAVE_CONFIG_H'
DEPDIR='.deps'
ECHO_C=''
ECHO_N='-n'
ECHO_T=''
EGREP='/bin/grep -E'
EXEEXT=''
GCC_FLAGS='-g -Wall'
GREP='/bin/grep'
INSTALL_DATA='${INSTALL} -m 644'
INSTALL_PROGRAM='${INSTALL}'
INSTALL_SCRIPT='${INSTALL}'
INSTALL_STRIP_PROGRAM='$(install_sh) -c -s'
LDFLAGS=''
LIBOBJS=''
LIBS=''
LTLIBOBJS=''
MAINT='#'
MAINTAINER_MODE_FALSE=''
MAINTAINER_MODE_TRUE='#'
MAKEINFO='${SHELL} /home/andy/workdir/psplash-0.1/missing --run makeinfo'
MKDIR_P='/bin/mkdir -p'
OBJEXT='o'
PACKAGE='psplash'
PACKAGE_BUGREPORT='http://bugzilla.o-hand.com/enter_bug.cgi?product=psplash'
PACKAGE_NAME='psplash'
PACKAGE_STRING='psplash 0.1'
PACKAGE_TARNAME='psplash'
PACKAGE_URL=''
PACKAGE_VERSION='0.1'
PATH_SEPARATOR=':'
SET_MAKE=''
SHELL='/bin/sh'
STRIP='arm-none-linux-gnueabi-strip'
VERSION='0.1'
ac_ct_CC=''
am__EXEEXT_FALSE=''
am__EXEEXT_TRUE='#'
am__fastdepCC_FALSE='#'
am__fastdepCC_TRUE=''
am__include='include'
am__isrc=''
am__leading_dot='.'
am__quote=''
am__tar='${AMTAR} chof - "$$tardir"'
am__untar='${AMTAR} xf -'
bindir='${exec_prefix}/bin'
build_alias=''
datadir='${datarootdir}'
datarootdir='${prefix}/share'
docdir='${datarootdir}/doc/${PACKAGE_TARNAME}'
dvidir='${docdir}'
exec_prefix='${prefix}'
host_alias='arm-none-linux-gnueabi'
htmldir='${docdir}'
includedir='${prefix}/include'
infodir='${datarootdir}/info'
install_sh='${SHELL} /home/andy/workdir/psplash-0.1/install-sh'
libdir='${exec_prefix}/lib'
libexecdir='${exec_prefix}/libexec'
localedir='${datarootdir}/locale'
localstatedir='${prefix}/var'
mandir='${datarootdir}/man'
mkdir_p='/bin/mkdir -p'
oldincludedir='/usr/include'
pdfdir='${docdir}'
prefix='/home/andy/RidgeRun-SDK-DM36x-Turrialba-Eval/fs/fsdev/usr'
program_transform_name='s,x,x,'
psdir='${docdir}'
sbindir='${exec_prefix}/sbin'
sharedstatedir='${prefix}/com'
sysconfdir='${prefix}/etc'
target_alias=''

## ----------- ##
## confdefs.h. ##
## ----------- ##

/* confdefs.h */
#define PACKAGE_NAME "psplash"
#define PACKAGE_TARNAME "psplash"
#define PACKAGE_VERSION "0.1"
#define PACKAGE_STRING "psplash 0.1"
#define PACKAGE_BUGREPORT "http://bugzilla.o-hand.com/enter_bug.cgi?product=psplash"
#define PACKAGE_URL ""
#define PACKAGE "psplash"
#define VERSION "0.1"
#define STDC_HEADERS 1

configure: exit 0
